Compiling the CXX compiler identification source file "CMakeCXXCompilerId.cpp" failed.
Compiler: /Library/Developer/CommandLineTools/usr/bin/c++ 
Build flags: 
Id flags:  

The output was:
1
ld: library not found for -lc++
clang: error: linker command failed with exit code 1 (use -v to see invocation)


Compiling the C compiler identification source file "CMakeCCompilerId.c" failed.
Compiler: /Library/Developer/CommandLineTools/usr/bin/cc 
Build flags: 
Id flags:  

The output was:
1
ld: library not found for -lSystem
clang: error: linker command failed with exit code 1 (use -v to see invocation)


Performing C SOURCE FILE Test HAVE_STRUCT_STAT_ST_MTIM failed with the following output:
Change Dir: /Users/robin.baertschi/projects/quiltprojectgen/build/osx-debug/CMakeFiles/CMakeTmp

Run Build Command(s):/usr/bin/make -f Makefile cmTC_643c6/fast && /Library/Developer/CommandLineTools/usr/bin/make  -f CMakeFiles/cmTC_643c6.dir/build.make CMakeFiles/cmTC_643c6.dir/build
Building C object CMakeFiles/cmTC_643c6.dir/src.c.o
/Library/Developer/CommandLineTools/usr/bin/cc -DHAVE_STRUCT_STAT_ST_MTIM  -isysroot /Library/Developer/CommandLineTools/SDKs/MacOSX11.3.sdk -MD -MT CMakeFiles/cmTC_643c6.dir/src.c.o -MF CMakeFiles/cmTC_643c6.dir/src.c.o.d -o CMakeFiles/cmTC_643c6.dir/src.c.o -c /Users/robin.baertschi/projects/quiltprojectgen/build/osx-debug/CMakeFiles/CMakeTmp/src.c
/Users/robin.baertschi/projects/quiltprojectgen/build/osx-debug/CMakeFiles/CMakeTmp/src.c:7:36: error: no member named 'st_mtim' in 'struct stat'
  (void)sizeof(((struct stat *)0)->st_mtim);
               ~~~~~~~~~~~~~~~~~~  ^
1 error generated.
make[1]: *** [CMakeFiles/cmTC_643c6.dir/src.c.o] Error 1
make: *** [cmTC_643c6/fast] Error 2


Source file was:

#include <sys/types.h>
#include <sys/stat.h>

int main()
{
  (void)sizeof(((struct stat *)0)->st_mtim);
  return 0;
}

Performing C SOURCE FILE Test HAVE_STRUCT_STAT_MTIME_NSEC failed with the following output:
Change Dir: /Users/robin.baertschi/projects/quiltprojectgen/build/osx-debug/CMakeFiles/CMakeTmp

Run Build Command(s):/usr/bin/make -f Makefile cmTC_7c72c/fast && /Library/Developer/CommandLineTools/usr/bin/make  -f CMakeFiles/cmTC_7c72c.dir/build.make CMakeFiles/cmTC_7c72c.dir/build
Building C object CMakeFiles/cmTC_7c72c.dir/src.c.o
/Library/Developer/CommandLineTools/usr/bin/cc -DHAVE_STRUCT_STAT_MTIME_NSEC  -isysroot /Library/Developer/CommandLineTools/SDKs/MacOSX11.3.sdk -MD -MT CMakeFiles/cmTC_7c72c.dir/src.c.o -MF CMakeFiles/cmTC_7c72c.dir/src.c.o.d -o CMakeFiles/cmTC_7c72c.dir/src.c.o -c /Users/robin.baertschi/projects/quiltprojectgen/build/osx-debug/CMakeFiles/CMakeTmp/src.c
/Users/robin.baertschi/projects/quiltprojectgen/build/osx-debug/CMakeFiles/CMakeTmp/src.c:6:36: error: no member named 'st_mtime_nsec' in 'struct stat'; did you mean 'st_mtimespec'?
  (void)sizeof(((struct stat *)0)->st_mtime_nsec);
                                   ^~~~~~~~~~~~~
                                   st_mtimespec
/Library/Developer/CommandLineTools/SDKs/MacOSX11.3.sdk/usr/include/sys/stat.h:182:13: note: 'st_mtimespec' declared here
struct stat __DARWIN_STRUCT_STAT64;
            ^
/Library/Developer/CommandLineTools/SDKs/MacOSX11.3.sdk/usr/include/sys/stat.h:166:2: note: expanded from macro '__DARWIN_STRUCT_STAT64'
        __DARWIN_STRUCT_STAT64_TIMES \
        ^
/Library/Developer/CommandLineTools/SDKs/MacOSX11.3.sdk/usr/include/sys/stat.h:130:18: note: expanded from macro '__DARWIN_STRUCT_STAT64_TIMES'
        struct timespec st_mtimespec;           /* time of last data modification */ \
                        ^
1 error generated.
make[1]: *** [CMakeFiles/cmTC_7c72c.dir/src.c.o] Error 1
make: *** [cmTC_7c72c/fast] Error 2


Source file was:

#include <sys/stat.h>

int main()
{
  (void)sizeof(((struct stat *)0)->st_mtime_nsec);
  return 0;
}

Performing C SOURCE FILE Test IS_WC99_C11_COMPAT_SUPPORTED failed with the following output:
Change Dir: /Users/robin.baertschi/projects/quiltprojectgen/build/osx-debug/CMakeFiles/CMakeTmp

Run Build Command(s):/usr/bin/make -f Makefile cmTC_48014/fast && /Library/Developer/CommandLineTools/usr/bin/make  -f CMakeFiles/cmTC_48014.dir/build.make CMakeFiles/cmTC_48014.dir/build
Building C object CMakeFiles/cmTC_48014.dir/src.c.o
/Library/Developer/CommandLineTools/usr/bin/cc -DIS_WC99_C11_COMPAT_SUPPORTED  -D_GNU_SOURCE  -Werror -Wno-error -Wall -Wextra -fvisibility=hidden -fPIC -Wdocumentation -Wno-documentation-deprecated-sync -Wno-missing-field-initializers -Wmissing-declarations -Wstrict-aliasing -Wstrict-prototypes -Wdeclaration-after-statement -Wshift-count-overflow -Wunused-const-variable -Wunused-function -Wint-conversion -Wc11-extensions  -isysroot /Library/Developer/CommandLineTools/SDKs/MacOSX11.3.sdk   -Wc99-c11-compat -MD -MT CMakeFiles/cmTC_48014.dir/src.c.o -MF CMakeFiles/cmTC_48014.dir/src.c.o.d -o CMakeFiles/cmTC_48014.dir/src.c.o -c /Users/robin.baertschi/projects/quiltprojectgen/build/osx-debug/CMakeFiles/CMakeTmp/src.c
warning: unknown warning option '-Wc99-c11-compat' [-Wunknown-warning-option]
1 warning generated.
Linking C executable cmTC_48014
/usr/local/Cellar/cmake/3.23.1/bin/cmake -E cmake_link_script CMakeFiles/cmTC_48014.dir/link.txt --verbose=1
/Library/Developer/CommandLineTools/usr/bin/cc -D_GNU_SOURCE  -Werror -Wno-error -Wall -Wextra -fvisibility=hidden -fPIC -Wdocumentation -Wno-documentation-deprecated-sync -Wno-missing-field-initializers -Wmissing-declarations -Wstrict-aliasing -Wstrict-prototypes -Wdeclaration-after-statement -Wshift-count-overflow -Wunused-const-variable -Wunused-function -Wint-conversion -Wc11-extensions  -isysroot /Library/Developer/CommandLineTools/SDKs/MacOSX11.3.sdk -Wl,-search_paths_first -Wl,-headerpad_max_install_names CMakeFiles/cmTC_48014.dir/src.c.o -o cmTC_48014 


Source file was:
int main(void) { return 0; }
Performing C SOURCE FILE Test IS_WIMPLICIT_FALLTHROUGH_1_SUPPORTED failed with the following output:
Change Dir: /Users/robin.baertschi/projects/quiltprojectgen/build/osx-debug/CMakeFiles/CMakeTmp

Run Build Command(s):/usr/bin/make -f Makefile cmTC_b0421/fast && /Library/Developer/CommandLineTools/usr/bin/make  -f CMakeFiles/cmTC_b0421.dir/build.make CMakeFiles/cmTC_b0421.dir/build
Building C object CMakeFiles/cmTC_b0421.dir/src.c.o
/Library/Developer/CommandLineTools/usr/bin/cc -DIS_WIMPLICIT_FALLTHROUGH_1_SUPPORTED  -D_GNU_SOURCE  -Werror -Wno-error -Wall -Wextra -fvisibility=hidden -fPIC -Wdocumentation -Wno-documentation-deprecated-sync -Wno-missing-field-initializers -Wmissing-declarations -Wstrict-aliasing -Wstrict-prototypes -Wdeclaration-after-statement -Wshift-count-overflow -Wunused-const-variable -Wunused-function -Wint-conversion -Wc11-extensions -Wformat -Wformat-security  -isysroot /Library/Developer/CommandLineTools/SDKs/MacOSX11.3.sdk   -Wimplicit-fallthrough=1 -MD -MT CMakeFiles/cmTC_b0421.dir/src.c.o -MF CMakeFiles/cmTC_b0421.dir/src.c.o.d -o CMakeFiles/cmTC_b0421.dir/src.c.o -c /Users/robin.baertschi/projects/quiltprojectgen/build/osx-debug/CMakeFiles/CMakeTmp/src.c
warning: unknown warning option '-Wimplicit-fallthrough=1'; did you mean '-Wimplicit-fallthrough'? [-Wunknown-warning-option]
1 warning generated.
Linking C executable cmTC_b0421
/usr/local/Cellar/cmake/3.23.1/bin/cmake -E cmake_link_script CMakeFiles/cmTC_b0421.dir/link.txt --verbose=1
/Library/Developer/CommandLineTools/usr/bin/cc -D_GNU_SOURCE  -Werror -Wno-error -Wall -Wextra -fvisibility=hidden -fPIC -Wdocumentation -Wno-documentation-deprecated-sync -Wno-missing-field-initializers -Wmissing-declarations -Wstrict-aliasing -Wstrict-prototypes -Wdeclaration-after-statement -Wshift-count-overflow -Wunused-const-variable -Wunused-function -Wint-conversion -Wc11-extensions -Wformat -Wformat-security  -isysroot /Library/Developer/CommandLineTools/SDKs/MacOSX11.3.sdk -Wl,-search_paths_first -Wl,-headerpad_max_install_names CMakeFiles/cmTC_b0421.dir/src.c.o -o cmTC_b0421 


Source file was:
int main(void) { return 0; }
Determining if the prototype qsort_r exists for GIT_QSORT_R_GNU failed with the following output:
Change Dir: /Users/robin.baertschi/projects/quiltprojectgen/build/osx-debug/CMakeFiles/CMakeTmp

Run Build Command(s):/usr/bin/make -f Makefile cmTC_07643/fast && /Library/Developer/CommandLineTools/usr/bin/make  -f CMakeFiles/cmTC_07643.dir/build.make CMakeFiles/cmTC_07643.dir/build
Building C object CMakeFiles/cmTC_07643.dir/CheckPrototypeDefinition.c.o
/Library/Developer/CommandLineTools/usr/bin/cc   -D_GNU_SOURCE  -Werror -Wno-error -Wall -Wextra -fvisibility=hidden -fPIC -Wdocumentation -Wno-documentation-deprecated-sync -Wno-missing-field-initializers -Wmissing-declarations -Wstrict-aliasing -Wstrict-prototypes -Wdeclaration-after-statement -Wshift-count-overflow -Wunused-const-variable -Wunused-function -Wint-conversion -Wc11-extensions -Wformat -Wformat-security  -isysroot /Library/Developer/CommandLineTools/SDKs/MacOSX11.3.sdk -MD -MT CMakeFiles/cmTC_07643.dir/CheckPrototypeDefinition.c.o -MF CMakeFiles/cmTC_07643.dir/CheckPrototypeDefinition.c.o.d -o CMakeFiles/cmTC_07643.dir/CheckPrototypeDefinition.c.o -c /Users/robin.baertschi/projects/quiltprojectgen/build/osx-debug/CMakeFiles/CMakeTmp/CheckPrototypeDefinition.c
/Users/robin.baertschi/projects/quiltprojectgen/build/osx-debug/CMakeFiles/CMakeTmp/CheckPrototypeDefinition.c:14:6: error: conflicting types for 'qsort_r'
void qsort_r(void *base, size_t nmemb, size_t size, int (*compar)(const void *, const void *, void *), void *arg) {
     ^
/Library/Developer/CommandLineTools/SDKs/MacOSX11.3.sdk/usr/include/stdlib.h:339:7: note: previous declaration is here
void     qsort_r(void *__base, size_t __nel, size_t __width, void *,
         ^
1 error generated.
make[1]: *** [CMakeFiles/cmTC_07643.dir/CheckPrototypeDefinition.c.o] Error 1
make: *** [cmTC_07643/fast] Error 2



#include <stdlib.h>


static void cmakeRequireSymbol(int dummy, ...) {
  (void) dummy;
}

static void checkSymbol(void) {
#ifndef qsort_r
  cmakeRequireSymbol(0, &qsort_r);
#endif
}

void qsort_r(void *base, size_t nmemb, size_t size, int (*compar)(const void *, const void *, void *), void *arg) {
  return ;
}

#ifdef __CLASSIC_C__
int main() {
  int ac;
  char*av[];
#else
int main(int ac, char *av[]) {
#endif
  checkSymbol();
  if (ac > 1000) {
    return *av[0];
  }
  return 0;
}


Determining if the function qsort_s exists failed with the following output:
Change Dir: /Users/robin.baertschi/projects/quiltprojectgen/build/osx-debug/CMakeFiles/CMakeTmp

Run Build Command(s):/usr/bin/make -f Makefile cmTC_9b781/fast && /Library/Developer/CommandLineTools/usr/bin/make  -f CMakeFiles/cmTC_9b781.dir/build.make CMakeFiles/cmTC_9b781.dir/build
Building C object CMakeFiles/cmTC_9b781.dir/CheckFunctionExists.c.o
/Library/Developer/CommandLineTools/usr/bin/cc   -D_GNU_SOURCE  -Werror -Wno-error -Wall -Wextra -fvisibility=hidden -fPIC -Wdocumentation -Wno-documentation-deprecated-sync -Wno-missing-field-initializers -Wmissing-declarations -Wstrict-aliasing -Wstrict-prototypes -Wdeclaration-after-statement -Wshift-count-overflow -Wunused-const-variable -Wunused-function -Wint-conversion -Wc11-extensions -Wformat -Wformat-security -DCHECK_FUNCTION_EXISTS=qsort_s -isysroot /Library/Developer/CommandLineTools/SDKs/MacOSX11.3.sdk -MD -MT CMakeFiles/cmTC_9b781.dir/CheckFunctionExists.c.o -MF CMakeFiles/cmTC_9b781.dir/CheckFunctionExists.c.o.d -o CMakeFiles/cmTC_9b781.dir/CheckFunctionExists.c.o -c /usr/local/Cellar/cmake/3.23.1/share/cmake/Modules/CheckFunctionExists.c
Linking C executable cmTC_9b781
/usr/local/Cellar/cmake/3.23.1/bin/cmake -E cmake_link_script CMakeFiles/cmTC_9b781.dir/link.txt --verbose=1
/Library/Developer/CommandLineTools/usr/bin/cc -D_GNU_SOURCE  -Werror -Wno-error -Wall -Wextra -fvisibility=hidden -fPIC -Wdocumentation -Wno-documentation-deprecated-sync -Wno-missing-field-initializers -Wmissing-declarations -Wstrict-aliasing -Wstrict-prototypes -Wdeclaration-after-statement -Wshift-count-overflow -Wunused-const-variable -Wunused-function -Wint-conversion -Wc11-extensions -Wformat -Wformat-security -DCHECK_FUNCTION_EXISTS=qsort_s -isysroot /Library/Developer/CommandLineTools/SDKs/MacOSX11.3.sdk -Wl,-search_paths_first -Wl,-headerpad_max_install_names CMakeFiles/cmTC_9b781.dir/CheckFunctionExists.c.o -o cmTC_9b781 
Undefined symbols for architecture x86_64:
  "_qsort_s", referenced from:
      _main in CheckFunctionExists.c.o
ld: symbol(s) not found for architecture x86_64
clang: error: linker command failed with exit code 1 (use -v to see invocation)
make[1]: *** [cmTC_9b781] Error 1
make: *** [cmTC_9b781/fast] Error 2



Determining if the function clock_gettime exists in the rt failed with the following output:
Change Dir: /Users/robin.baertschi/projects/quiltprojectgen/build/osx-debug/CMakeFiles/CMakeTmp

Run Build Command(s):/usr/bin/make -f Makefile cmTC_8b4a1/fast && /Library/Developer/CommandLineTools/usr/bin/make  -f CMakeFiles/cmTC_8b4a1.dir/build.make CMakeFiles/cmTC_8b4a1.dir/build
Building C object CMakeFiles/cmTC_8b4a1.dir/CheckFunctionExists.c.o
/Library/Developer/CommandLineTools/usr/bin/cc   -D_GNU_SOURCE  -Werror -Wno-error -Wall -Wextra -fvisibility=hidden -fPIC -Wdocumentation -Wno-documentation-deprecated-sync -Wno-missing-field-initializers -Wmissing-declarations -Wstrict-aliasing -Wstrict-prototypes -Wdeclaration-after-statement -Wshift-count-overflow -Wunused-const-variable -Wunused-function -Wint-conversion -Wc11-extensions -Wformat -Wformat-security -DCHECK_FUNCTION_EXISTS=clock_gettime -isysroot /Library/Developer/CommandLineTools/SDKs/MacOSX11.3.sdk -MD -MT CMakeFiles/cmTC_8b4a1.dir/CheckFunctionExists.c.o -MF CMakeFiles/cmTC_8b4a1.dir/CheckFunctionExists.c.o.d -o CMakeFiles/cmTC_8b4a1.dir/CheckFunctionExists.c.o -c /usr/local/Cellar/cmake/3.23.1/share/cmake/Modules/CheckFunctionExists.c
Linking C executable cmTC_8b4a1
/usr/local/Cellar/cmake/3.23.1/bin/cmake -E cmake_link_script CMakeFiles/cmTC_8b4a1.dir/link.txt --verbose=1
/Library/Developer/CommandLineTools/usr/bin/cc -D_GNU_SOURCE  -Werror -Wno-error -Wall -Wextra -fvisibility=hidden -fPIC -Wdocumentation -Wno-documentation-deprecated-sync -Wno-missing-field-initializers -Wmissing-declarations -Wstrict-aliasing -Wstrict-prototypes -Wdeclaration-after-statement -Wshift-count-overflow -Wunused-const-variable -Wunused-function -Wint-conversion -Wc11-extensions -Wformat -Wformat-security -DCHECK_FUNCTION_EXISTS=clock_gettime -isysroot /Library/Developer/CommandLineTools/SDKs/MacOSX11.3.sdk -Wl,-search_paths_first -Wl,-headerpad_max_install_names CMakeFiles/cmTC_8b4a1.dir/CheckFunctionExists.c.o -o cmTC_8b4a1   -L/Users/robin.baertschi/projects/quiltprojectgen/build/osx-debug/CMakeFiles/CMakeTmp/time.h  -Wl,-rpath,/Users/robin.baertschi/projects/quiltprojectgen/build/osx-debug/CMakeFiles/CMakeTmp/time.h -lrt 
ld: warning: directory not found for option '-L/Users/robin.baertschi/projects/quiltprojectgen/build/osx-debug/CMakeFiles/CMakeTmp/time.h'
ld: library not found for -lrt
clang: error: linker command failed with exit code 1 (use -v to see invocation)
make[1]: *** [cmTC_8b4a1] Error 1
make: *** [cmTC_8b4a1/fast] Error 2



Determining if the function iconv_open exists failed with the following output:
Change Dir: /Users/robin.baertschi/projects/quiltprojectgen/build/osx-debug/CMakeFiles/CMakeTmp

Run Build Command(s):/usr/bin/make -f Makefile cmTC_c7242/fast && /Library/Developer/CommandLineTools/usr/bin/make  -f CMakeFiles/cmTC_c7242.dir/build.make CMakeFiles/cmTC_c7242.dir/build
Building C object CMakeFiles/cmTC_c7242.dir/CheckFunctionExists.c.o
/Library/Developer/CommandLineTools/usr/bin/cc   -D_GNU_SOURCE  -Werror -Wno-error -Wall -Wextra -fvisibility=hidden -fPIC -Wdocumentation -Wno-documentation-deprecated-sync -Wno-missing-field-initializers -Wmissing-declarations -Wstrict-aliasing -Wstrict-prototypes -Wdeclaration-after-statement -Wshift-count-overflow -Wunused-const-variable -Wunused-function -Wint-conversion -Wc11-extensions -Wformat -Wformat-security -DCHECK_FUNCTION_EXISTS=iconv_open -isysroot /Library/Developer/CommandLineTools/SDKs/MacOSX11.3.sdk -MD -MT CMakeFiles/cmTC_c7242.dir/CheckFunctionExists.c.o -MF CMakeFiles/cmTC_c7242.dir/CheckFunctionExists.c.o.d -o CMakeFiles/cmTC_c7242.dir/CheckFunctionExists.c.o -c /usr/local/Cellar/cmake/3.23.1/share/cmake/Modules/CheckFunctionExists.c
Linking C executable cmTC_c7242
/usr/local/Cellar/cmake/3.23.1/bin/cmake -E cmake_link_script CMakeFiles/cmTC_c7242.dir/link.txt --verbose=1
/Library/Developer/CommandLineTools/usr/bin/cc -D_GNU_SOURCE  -Werror -Wno-error -Wall -Wextra -fvisibility=hidden -fPIC -Wdocumentation -Wno-documentation-deprecated-sync -Wno-missing-field-initializers -Wmissing-declarations -Wstrict-aliasing -Wstrict-prototypes -Wdeclaration-after-statement -Wshift-count-overflow -Wunused-const-variable -Wunused-function -Wint-conversion -Wc11-extensions -Wformat -Wformat-security -DCHECK_FUNCTION_EXISTS=iconv_open -isysroot /Library/Developer/CommandLineTools/SDKs/MacOSX11.3.sdk -Wl,-search_paths_first -Wl,-headerpad_max_install_names CMakeFiles/cmTC_c7242.dir/CheckFunctionExists.c.o -o cmTC_c7242 
Undefined symbols for architecture x86_64:
  "_iconv_open", referenced from:
      _main in CheckFunctionExists.c.o
ld: symbol(s) not found for architecture x86_64
clang: error: linker command failed with exit code 1 (use -v to see invocation)
make[1]: *** [cmTC_c7242] Error 1
make: *** [cmTC_c7242/fast] Error 2



